\BOOKMARK [0][-]{chapter*.2}{\376\377\000A\000g\000r\000a\000d\000e\000c\000i\000m\000i\000e\000n\000t\000o\000s}{}% 1
\BOOKMARK [0][-]{chapter.1}{\376\377\000R\000e\000s\000u\000m\000e\000n}{}% 2
\BOOKMARK [0][-]{chapter.2}{\376\377\000I\000n\000t\000r\000o\000d\000u\000c\000c\000i\000\363\000n}{}% 3
\BOOKMARK [0][-]{chapter.3}{\376\377\000E\000s\000t\000a\000d\000o\000\040\000d\000e\000l\000\040\000A\000r\000t\000e}{}% 4
\BOOKMARK [1][-]{section.3.1}{\376\377\000M\000a\000t\000e\000r\000i\000a\000l\000e\000s\000\040\000M\000a\000g\000n\000\351\000t\000i\000c\000o\000s\000\040\000y\000\040\000s\000u\000s\000\040\000P\000r\000o\000p\000i\000e\000d\000a\000d\000e\000s}{chapter.3}% 5
\BOOKMARK [2][-]{subsection.3.1.1}{\376\377\000M\000a\000g\000n\000e\000t\000i\000z\000a\000c\000i\000\363\000n}{section.3.1}% 6
\BOOKMARK [2][-]{subsection.3.1.2}{\376\377\000S\000u\000s\000c\000e\000p\000t\000i\000b\000i\000l\000i\000d\000a\000d\000\040\000M\000a\000g\000n\000\351\000t\000i\000c\000a}{section.3.1}% 7
\BOOKMARK [2][-]{subsection.3.1.3}{\376\377\000T\000i\000p\000o\000s\000\040\000d\000e\000\040\000M\000a\000t\000e\000r\000i\000a\000l\000e\000s\000\040\000M\000a\000g\000n\000\351\000t\000i\000c\000o\000s}{section.3.1}% 8
\BOOKMARK [2][-]{subsection.3.1.4}{\376\377\000H\000i\000s\000t\000\351\000r\000e\000s\000i\000s}{section.3.1}% 9
\BOOKMARK [1][-]{section.3.2}{\376\377\000O\000r\000t\000o\000f\000e\000r\000r\000i\000t\000a\000s\000\040\000d\000e\000\040\000T\000i\000e\000r\000r\000a\000s\000\040\000R\000a\000r\000a\000s}{chapter.3}% 10
\BOOKMARK [2][-]{subsection.3.2.1}{\376\377\000P\000r\000o\000p\000i\000e\000d\000a\000d\000e\000s\000\040\000M\000a\000g\000n\000\351\000t\000i\000c\000a\000s}{section.3.2}% 11
\BOOKMARK [2][-]{subsection.3.2.2}{\376\377\000A\000p\000l\000i\000c\000a\000c\000i\000o\000n\000e\000s}{section.3.2}% 12
\BOOKMARK [0][-]{chapter.4}{\376\377\000M\000e\000t\000o\000d\000o\000l\000o\000g\000\355\000a}{}% 13
\BOOKMARK [1][-]{section.4.1}{\376\377\000S\000\355\000n\000t\000e\000s\000i\000s}{chapter.4}% 14
\BOOKMARK [2][-]{subsection.4.1.1}{\376\377\000S\000o\000n\000i\000c\000a\000c\000i\000\363\000n}{section.4.1}% 15
\BOOKMARK [1][-]{section.4.2}{\376\377\000C\000a\000r\000a\000c\000t\000e\000r\000i\000z\000a\000c\000i\000\363\000n}{chapter.4}% 16
\BOOKMARK [2][-]{subsection.4.2.1}{\376\377\000A\000n\000\341\000l\000i\000s\000i\000s\000\040\000T\000e\000r\000m\000o\000g\000r\000a\000v\000i\000m\000\351\000t\000r\000i\000c\000o\000\040\000\050\000T\000G\000A\000\051}{section.4.2}% 17
\BOOKMARK [2][-]{subsection.4.2.2}{\376\377\000D\000i\000f\000r\000a\000c\000c\000i\000\363\000n\000\040\000d\000e\000\040\000R\000a\000y\000o\000s\000\040\000X\000\040\000\050\000D\000R\000X\000\051}{section.4.2}% 18
\BOOKMARK [2][-]{subsection.4.2.3}{\376\377\000M\000i\000c\000r\000o\000s\000c\000o\000p\000\355\000a\000\040\000E\000l\000e\000c\000t\000r\000\363\000n\000i\000c\000a\000\040\000d\000e\000\040\000B\000a\000r\000r\000i\000d\000o\000\040\000\050\000S\000E\000M\000\051}{section.4.2}% 19
\BOOKMARK [2][-]{subsection.4.2.4}{\376\377\000E\000s\000p\000e\000c\000t\000r\000o\000s\000c\000o\000p\000\355\000a\000\040\000U\000V\000-\000V\000i\000s}{section.4.2}% 20
\BOOKMARK [2][-]{subsection.4.2.5}{\376\377\000M\000a\000g\000n\000e\000t\000o\000m\000e\000t\000r\000\355\000a}{section.4.2}% 21
\BOOKMARK [0][-]{chapter.5}{\376\377\000R\000e\000s\000u\000l\000t\000a\000d\000o\000s}{}% 22
\BOOKMARK [1][-]{section.5.1}{\376\377\000M\000u\000e\000s\000t\000r\000a\000s\000\040\000S\000i\000n\000t\000e\000t\000i\000z\000a\000d\000a\000s}{chapter.5}% 23
\BOOKMARK [1][-]{section.5.2}{\376\377\000C\000a\000r\000a\000c\000t\000e\000r\000i\000z\000a\000c\000i\000\363\000n}{chapter.5}% 24
\BOOKMARK [2][-]{subsection.5.2.1}{\376\377\000A\000n\000\341\000l\000i\000s\000i\000s\000\040\000T\000e\000r\000m\000o\000g\000r\000a\000v\000i\000m\000\351\000t\000r\000i\000c\000o}{section.5.2}% 25
\BOOKMARK [2][-]{subsection.5.2.2}{\376\377\000D\000i\000f\000r\000a\000c\000c\000i\000\363\000n\000\040\000d\000e\000\040\000R\000a\000y\000o\000s\000\040\000X}{section.5.2}% 26
\BOOKMARK [2][-]{subsection.5.2.3}{\376\377\000M\000i\000c\000r\000o\000s\000c\000o\000p\000\355\000a\000\040\000E\000l\000e\000c\000t\000r\000\363\000n\000i\000c\000a\000\040\000d\000e\000\040\000B\000a\000r\000r\000i\000d\000o}{section.5.2}% 27
\BOOKMARK [2][-]{subsection.5.2.4}{\376\377\000E\000s\000p\000e\000c\000t\000r\000o\000s\000c\000o\000p\000\355\000a\000\040\000U\000V\000-\000V\000i\000s}{section.5.2}% 28
\BOOKMARK [2][-]{subsection.5.2.5}{\376\377\000M\000a\000g\000n\000e\000t\000o\000m\000e\000t\000r\000\355\000a}{section.5.2}% 29
\BOOKMARK [0][-]{chapter.6}{\376\377\000C\000o\000n\000c\000l\000u\000s\000i\000\363\000n}{}% 30
\BOOKMARK [0][-]{chapter*.22}{\376\377\000B\000i\000b\000l\000i\000o\000g\000r\000a\000f\000\355\000a}{}% 31
\BOOKMARK [0][-]{appendix.Alph1}{\376\377\000A\000n\000e\000x\000o\000s}{}% 32
