\BOOKMARK [0][-]{chapter.1}{\376\377\000M\000e\000t\000o\000d\000o\000l\000o\000g\000\355\000a}{}% 1
\BOOKMARK [1][-]{section.1.1}{\376\377\000S\000\355\000n\000t\000e\000s\000i\000s}{chapter.1}% 2
\BOOKMARK [2][-]{subsection.1.1.1}{\376\377\000S\000o\000n\000i\000c\000a\000c\000i\000\363\000n}{section.1.1}% 3
\BOOKMARK [1][-]{section.1.2}{\376\377\000A\000n\000\341\000l\000i\000s\000i\000s\000\040\000T\000e\000r\000m\000o\000g\000r\000a\000v\000i\000m\000\351\000t\000r\000i\000c\000o\000\040\000\050\000T\000G\000A\000\051}{chapter.1}% 4
\BOOKMARK [1][-]{section.1.3}{\376\377\000D\000i\000f\000r\000a\000c\000c\000i\000\363\000n\000\040\000d\000e\000\040\000R\000a\000y\000o\000s\000\040\000X\000\040\000\050\000D\000R\000X\000\051}{chapter.1}% 5
\BOOKMARK [2][-]{subsection.1.3.1}{\376\377\000E\000s\000t\000r\000u\000c\000t\000u\000r\000a\000\040\000C\000r\000i\000s\000t\000a\000l\000i\000n\000a}{section.1.3}% 6
\BOOKMARK [2][-]{subsection.1.3.2}{\376\377\000R\000e\000f\000i\000n\000a\000m\000i\000e\000n\000t\000o\000\040\000R\000i\000e\000t\000v\000e\000l\000d}{section.1.3}% 7
\BOOKMARK [1][-]{section.1.4}{\376\377\000M\000i\000c\000r\000o\000s\000c\000o\000p\000\355\000a\000\040\000E\000l\000e\000c\000t\000r\000\363\000n\000i\000c\000a\000\040\000d\000e\000\040\000B\000a\000r\000r\000i\000d\000o\000\040\000\050\000S\000E\000M\000\051}{chapter.1}% 8
\BOOKMARK [2][-]{subsection.1.4.1}{\376\377\000I\000n\000t\000e\000r\000a\000c\000c\000i\000o\000n\000e\000s\000\040\000E\000l\000e\000c\000t\000r\000\363\000n\000-\000S\000\363\000l\000i\000d\000o}{section.1.4}% 9
\BOOKMARK [2][-]{subsection.1.4.2}{\376\377\000A\000n\000\341\000l\000i\000s\000i\000s\000\040\000E\000s\000t\000a\000d\000\355\000s\000t\000i\000c\000o\000\040\000d\000e\000l\000\040\000T\000a\000m\000a\000\361\000o\000\040\000d\000e\000\040\000P\000a\000r\000t\000\355\000c\000u\000l\000a\000s}{section.1.4}% 10
\BOOKMARK [1][-]{section.1.5}{\376\377\000E\000s\000p\000e\000c\000t\000r\000o\000s\000c\000o\000p\000\355\000a\000\040\000U\000V\000-\000V\000i\000s}{chapter.1}% 11
\BOOKMARK [2][-]{subsection.1.5.1}{\376\377\000M\000\351\000t\000o\000d\000o\000\040\000T\000a\000u\000c}{section.1.5}% 12
\BOOKMARK [1][-]{section.1.6}{\376\377\000M\000a\000g\000n\000e\000t\000o\000m\000e\000t\000r\000\355\000a}{chapter.1}% 13
\BOOKMARK [2][-]{subsection.1.6.1}{\376\377\000D\000i\000s\000p\000o\000s\000i\000t\000i\000v\000o\000\040\000S\000u\000p\000e\000r\000c\000o\000n\000d\000u\000c\000t\000o\000r\000\040\000d\000e\000\040\000I\000n\000t\000e\000r\000f\000e\000r\000e\000n\000c\000i\000a\000\040\000C\000u\000\341\000n\000t\000i\000c\000a\000\040\000\050\000S\000Q\000U\000I\000D\000\051}{section.1.6}% 14
\BOOKMARK [1][-]{section.1.7}{\376\377\000M\000e\000d\000i\000c\000i\000o\000n\000e\000s\000\040\000F\000e\000r\000r\000o\000e\000l\000\351\000c\000t\000r\000i\000c\000a\000s}{chapter.1}% 15
\BOOKMARK [2][-]{subsection.1.7.1}{\376\377\000P\000r\000e\000p\000a\000r\000a\000c\000i\000\363\000n\000\040\000d\000e\000\040\000l\000a\000\040\000M\000u\000e\000s\000t\000r\000a}{section.1.7}% 16
\BOOKMARK [2][-]{subsection.1.7.2}{\376\377\000M\000o\000l\000i\000e\000n\000d\000a}{section.1.7}% 17
\BOOKMARK [2][-]{subsection.1.7.3}{\376\377\000S\000i\000n\000t\000e\000r\000i\000z\000a\000c\000i\000\363\000n}{section.1.7}% 18
\BOOKMARK [2][-]{subsection.1.7.4}{\376\377\000F\000r\000a\000c\000c\000i\000\363\000n\000\040\000S\000\363\000l\000i\000d\000a}{section.1.7}% 19
\BOOKMARK [2][-]{subsection.1.7.5}{\376\377\000M\000e\000d\000i\000c\000i\000o\000n\000e\000s\000\040\000d\000e\000\040\000P\000o\000l\000a\000r\000i\000z\000a\000c\000i\000\363\000n\000\040\000\050\000C\000u\000r\000v\000a\000s\000\040\000P\000-\000E\000\051}{section.1.7}% 20
\BOOKMARK [1][-]{section.1.8}{\376\377\000C\000l\000a\000s\000i\000f\000i\000c\000a\000c\000i\000\363\000n\000\040\000m\000e\000t\000o\000d\000o\000l\000\363\000g\000i\000c\000a\000\040\000y\000\040\000d\000e\000\040\000m\000u\000e\000s\000t\000r\000a\000s}{chapter.1}% 21
\BOOKMARK [1][-]{section.1.9}{\376\377\000R\000e\000s\000u\000m\000e\000n\000\040\000d\000e\000\040\000l\000a\000\040\000m\000e\000t\000o\000d\000o\000l\000o\000g\000\355\000a}{chapter.1}% 22
